Arguments: 
  C:\Program Files\nodejs\node.exe C:\Program Files (x86)\Yarn\bin\yarn.js add @babel/cli @babel-/core @babel/preset-env @babel/preset-react babel-loader

PATH: 
  C:\Users\Qiyuan.Li\Desktop\prototype\ssr\node_modules\.bin;C:\ProgramData\Oracle\Java\javapath;C:\Program Files (x86)\Intel\iCLS Client\;C:\Program Files\Intel\iCLS Client\;C:\WINDOWS\system32;C:\WINDOWS;C:\WINDOWS\System32\Wbem;C:\WINDOWS\System32\WindowsPowerShell\v1.0\;C:\Program Files\PuTTY\;C:\Program Files\dotnet\;C:\env\sqlite;C:\env\phantomjs\bin;C:\Program Files\Git\cmd;C:\WINDOWS\System32\OpenSSH\;C:\Program Files\Microsoft VS Code\bin;C:\Go\bin;C:\Program Files\Intel\WiFi\bin\;C:\Program Files\Common Files\Intel\WirelessCommon\;C:\Program Files (x86)\Intel\Intel(R) Management Engine Components\DAL;C:\Program Files\Intel\Intel(R) Management Engine Components\DAL;C:\Program Files (x86)\Yarn\bin\;C:\Program Files\nodejs\;C:\Users\Qiyuan.Li\AppData\Local\Programs\Python\Python36-32\Scripts\;C:\Users\Qiyuan.Li\AppData\Local\Programs\Python\Python36-32\;C:\Users\Qiyuan.Li\AppData\Local\Microsoft\WindowsApps;C:\Program Files\Microsoft VS Code\bin;C:\texlive\2017\bin\win32;C:\Users\Qiyuan.Li\go\bin;C:\Users\Qiyuan.Li\AppData\Local\Microsoft\WindowsApps;C:\Users\Qiyuan.Li\AppData\Local\Programs\Microsoft VS Code\bin;C:\Users\Qiyuan.Li\Desktop\Go\bin;C:\Users\Qiyuan.Li\AppData\Local\Yarn\bin;C:\Users\Qiyuan.Li\AppData\Roaming\npm

Yarn version: 
  1.13.0

Node version: 
  10.15.1

Platform: 
  win32 x64

Trace: 
  Error: http://registry.npm.taobao.org/@babel-%2fcore: Not found
      at Request.params.callback [as _callback] (C:\Program Files (x86)\Yarn\lib\cli.js:65364:18)
      at Request.self.callback (C:\Program Files (x86)\Yarn\lib\cli.js:129397:22)
      at Request.emit (events.js:189:13)
      at Request.<anonymous> (C:\Program Files (x86)\Yarn\lib\cli.js:130369:10)
      at Request.emit (events.js:189:13)
      at IncomingMessage.<anonymous> (C:\Program Files (x86)\Yarn\lib\cli.js:130291:12)
      at Object.onceWrapper (events.js:277:13)
      at IncomingMessage.emit (events.js:194:15)
      at endReadableNT (_stream_readable.js:1103:12)
      at process._tickCallback (internal/process/next_tick.js:63:19)

npm manifest: 
  {
    "name": "ssr",
    "version": "1.0.0",
    "description": "",
    "main": "index.js",
    "scripts": {
      "test": "echo \"Error: no test specified\" && exit 1"
    },
    "keywords": [],
    "author": "",
    "license": "MIT",
    "dependencies": {
      "react": "^16.8.2",
      "redux": "^4.0.1"
    },
    "devDependencies": {}
  }

yarn manifest: 
  No manifest

Lockfile: 
  # THIS IS AN AUTOGENERATED FILE. DO NOT EDIT THIS FILE DIRECTLY.
  # yarn lockfile v1
  
  
  "js-tokens@^3.0.0 || ^4.0.0":
    version "4.0.0"
    resolved "http://registry.npm.taobao.org/js-tokens/download/js-tokens-4.0.0.tgz#19203fb59991df98e3a287050d4647cdeaf32499"
    integrity sha1-GSA/tZmR35jjoocFDUZHzerzJJk=
  
  loose-envify@^1.1.0, loose-envify@^1.4.0:
    version "1.4.0"
    resolved "http://registry.npm.taobao.org/loose-envify/download/loose-envify-1.4.0.tgz#71ee51fa7be4caec1a63839f7e682d8132d30caf"
    integrity sha1-ce5R+nvkyuwaY4OffmgtgTLTDK8=
    dependencies:
      js-tokens "^3.0.0 || ^4.0.0"
  
  object-assign@^4.1.1:
    version "4.1.1"
    resolved "http://registry.npm.taobao.org/object-assign/download/object-assign-4.1.1.tgz#2109adc7965887cfc05cbbd442cac8bfbb360863"
    integrity sha1-IQmtx5ZYh8/AXLvUQsrIv7s2CGM=
  
  prop-types@^15.6.2:
    version "15.7.2"
    resolved "http://registry.npm.taobao.org/prop-types/download/prop-types-15.7.2.tgz#52c41e75b8c87e72b9d9360e0206b99dcbffa6c5"
    integrity sha1-UsQedbjIfnK52TYOAga5ncv/psU=
    dependencies:
      loose-envify "^1.4.0"
      object-assign "^4.1.1"
      react-is "^16.8.1"
  
  react-is@^16.8.1:
    version "16.8.2"
    resolved "http://registry.npm.taobao.org/react-is/download/react-is-16.8.2.tgz#09891d324cad1cb0c1f2d91f70a71a4bee34df0f"
    integrity sha1-CYkdMkytHLDB8tkfcKcaS+403w8=
  
  react@^16.8.2:
    version "16.8.2"
    resolved "http://registry.npm.taobao.org/react/download/react-16.8.2.tgz#83064596feaa98d9c2857c4deae1848b542c9c0c"
    integrity sha1-gwZFlv6qmNnChXxN6uGEi1QsnAw=
    dependencies:
      loose-envify "^1.1.0"
      object-assign "^4.1.1"
      prop-types "^15.6.2"
      scheduler "^0.13.2"
  
  redux@^4.0.1:
    version "4.0.1"
    resolved "http://registry.npm.taobao.org/redux/download/redux-4.0.1.tgz#436cae6cc40fbe4727689d7c8fae44808f1bfef5"
    integrity sha1-Q2yubMQPvkcnaJ18j65EgI8b/vU=
    dependencies:
      loose-envify "^1.4.0"
      symbol-observable "^1.2.0"
  
  scheduler@^0.13.2:
    version "0.13.2"
    resolved "http://registry.npm.taobao.org/scheduler/download/scheduler-0.13.2.tgz#969eaee2764a51d2e97b20a60963b2546beff8fa"
    integrity sha1-lp6u4nZKUdLpeyCmCWOyVGvv+Po=
    dependencies:
      loose-envify "^1.1.0"
      object-assign "^4.1.1"
  
  symbol-observable@^1.2.0:
    version "1.2.0"
    resolved "http://registry.npm.taobao.org/symbol-observable/download/symbol-observable-1.2.0.tgz#c22688aed4eab3cdc2dfeacbb561660560a00804"
    integrity sha1-wiaIrtTqs83C3+rLtWFmBWCgCAQ=
